<?xml version="1.0" encoding="UTF-8"?>
<coverage generated="1522873302601" clover="3.2.0">
  <project timestamp="1522873302601" name="All files">
    <metrics statements="40" coveredstatements="25" conditionals="6" coveredconditionals="4" methods="22" coveredmethods="6" elements="68" coveredelements="35" complexity="0" loc="40" ncloc="40" packages="3" files="7" classes="7">
      <package name="js">
        <metrics statements="1" coveredstatements="1" conditionals="0" coveredconditionals="0" methods="0" coveredmethods="0"/>
        <file name="Chicago-Skyline.jpg" path="/Users/ellenormerod/Documents/Fullstack-Fellow/QLRN/QuietLocations/js/Chicago-Skyline.jpg">
          <metrics statements="1" coveredstatements="1" conditionals="0" coveredconditionals="0" methods="0" coveredmethods="0"/>
          <line num="1" count="1" type="stmt"/>
        </file>
      </package>
      <package name="js.components">
        <metrics statements="18" coveredstatements="11" conditionals="0" coveredconditionals="0" methods="10" coveredmethods="4"/>
        <file name="home.js" path="/Users/ellenormerod/Documents/Fullstack-Fellow/QLRN/QuietLocations/js/components/home.js">
          <metrics statements="3" coveredstatements="3" conditionals="0" coveredconditionals="0" methods="1" coveredmethods="1"/>
          <line num="9" count="1" type="stmt"/>
          <line num="18" count="1" type="stmt"/>
          <line num="19" count="1" type="stmt"/>
        </file>
        <file name="place.js" path="/Users/ellenormerod/Documents/Fullstack-Fellow/QLRN/QuietLocations/js/components/place.js">
          <metrics statements="12" coveredstatements="5" conditionals="0" coveredconditionals="0" methods="8" coveredmethods="2"/>
          <line num="15" count="1" type="stmt"/>
          <line num="19" count="0" type="stmt"/>
          <line num="31" count="1" type="stmt"/>
          <line num="32" count="1" type="stmt"/>
          <line num="53" count="0" type="stmt"/>
          <line num="57" count="0" type="stmt"/>
          <line num="60" count="0" type="stmt"/>
          <line num="69" count="1" type="stmt"/>
          <line num="70" count="0" type="stmt"/>
          <line num="75" count="1" type="stmt"/>
          <line num="76" count="0" type="stmt"/>
          <line num="78" count="0" type="stmt"/>
        </file>
        <file name="review.js" path="/Users/ellenormerod/Documents/Fullstack-Fellow/QLRN/QuietLocations/js/components/review.js">
          <metrics statements="3" coveredstatements="3" conditionals="0" coveredconditionals="0" methods="1" coveredmethods="1"/>
          <line num="8" count="1" type="stmt"/>
          <line num="9" count="1" type="stmt"/>
          <line num="10" count="1" type="stmt"/>
        </file>
      </package>
      <package name="js.store">
        <metrics statements="21" coveredstatements="13" conditionals="6" coveredconditionals="4" methods="12" coveredmethods="2"/>
        <file name="index.js" path="/Users/ellenormerod/Documents/Fullstack-Fellow/QLRN/QuietLocations/js/store/index.js">
          <metrics statements="3" coveredstatements="3" conditionals="0" coveredconditionals="0" methods="0" coveredmethods="0"/>
          <line num="9" count="1" type="stmt"/>
          <line num="13" count="1" type="stmt"/>
          <line num="18" count="1" type="stmt"/>
        </file>
        <file name="places.js" path="/Users/ellenormerod/Documents/Fullstack-Fellow/QLRN/QuietLocations/js/store/places.js">
          <metrics statements="9" coveredstatements="5" conditionals="3" coveredconditionals="2" methods="6" coveredmethods="1"/>
          <line num="4" count="1" type="stmt"/>
          <line num="7" count="1" type="stmt"/>
          <line num="10" count="1" type="stmt"/>
          <line num="11" count="0" type="stmt"/>
          <line num="13" count="0" type="stmt"/>
          <line num="14" count="0" type="stmt"/>
          <line num="20" count="3" type="cond" truecount="1" falsecount="1"/>
          <line num="22" count="0" type="stmt"/>
          <line num="24" count="3" type="stmt"/>
        </file>
        <file name="reviews.js" path="/Users/ellenormerod/Documents/Fullstack-Fellow/QLRN/QuietLocations/js/store/reviews.js">
          <metrics statements="9" coveredstatements="5" conditionals="3" coveredconditionals="2" methods="6" coveredmethods="1"/>
          <line num="4" count="1" type="stmt"/>
          <line num="7" count="1" type="stmt"/>
          <line num="10" count="1" type="stmt"/>
          <line num="11" count="0" type="stmt"/>
          <line num="13" count="0" type="stmt"/>
          <line num="14" count="0" type="stmt"/>
          <line num="20" count="3" type="cond" truecount="1" falsecount="1"/>
          <line num="22" count="0" type="stmt"/>
          <line num="24" count="3" type="stmt"/>
        </file>
      </package>
    </metrics>
  </project>
</coverage>
