{"/Users/ellenormerod/Documents/Fullstack-Fellow/QLRN/QuietLocations/js/Chicago-Skyline.jpg": {"path":"/Users/ellenormerod/Documents/Fullstack-Fellow/QLRN/QuietLocations/js/Chicago-Skyline.jpg","statementMap":{"0":{"start":{"line":1,"column":0},"end":{"line":3,"column":6}}},"fnMap":{},"branchMap":{},"s":{"0":1},"f":{},"b":{},"_coverageSchema":"332fd63041d2c1bcb487cc26dd0d5f7d97098a6c","hash":"ad75292073c782dce73ff4c2f7b4a9956f50920c"}
,"/Users/ellenormerod/Documents/Fullstack-Fellow/QLRN/QuietLocations/js/components/home.js": {"path":"/Users/ellenormerod/Documents/Fullstack-Fellow/QLRN/QuietLocations/js/components/home.js","statementMap":{"0":{"start":{"line":9,"column":15},"end":{"line":16,"column":2}},"1":{"start":{"line":18,"column":13},"end":{"line":24,"column":1}},"2":{"start":{"line":19,"column":4},"end":{"line":23,"column":5}}},"fnMap":{"0":{"name":"(anonymous_0)","decl":{"start":{"line":18,"column":13},"end":{"line":18,"column":14}},"loc":{"start":{"line":18,"column":19},"end":{"line":24,"column":1}},"line":18}},"branchMap":{},"s":{"0":1,"1":1,"2":1},"f":{"0":1},"b":{},"_coverageSchema":"332fd63041d2c1bcb487cc26dd0d5f7d97098a6c","hash":"4fab8409057c04dc8e251af06ab43dad72bb1f03"}
,"/Users/ellenormerod/Documents/Fullstack-Fellow/QLRN/QuietLocations/js/components/place.js": {"path":"/Users/ellenormerod/Documents/Fullstack-Fellow/QLRN/QuietLocations/js/components/place.js","statementMap":{"0":{"start":{"line":15,"column":4},"end":{"line":15,"column":46}},"1":{"start":{"line":19,"column":4},"end":{"line":27,"column":5}},"2":{"start":{"line":31,"column":30},"end":{"line":31,"column":40}},"3":{"start":{"line":32,"column":4},"end":{"line":65,"column":5}},"4":{"start":{"line":53,"column":14},"end":{"line":58,"column":16}},"5":{"start":{"line":57,"column":31},"end":{"line":57,"column":57}},"6":{"start":{"line":60,"column":36},"end":{"line":60,"column":48}},"7":{"start":{"line":69,"column":17},"end":{"line":73,"column":1}},"8":{"start":{"line":70,"column":2},"end":{"line":72,"column":3}},"9":{"start":{"line":75,"column":20},"end":{"line":81,"column":1}},"10":{"start":{"line":76,"column":2},"end":{"line":80,"column":3}},"11":{"start":{"line":78,"column":6},"end":{"line":78,"column":32}}},"fnMap":{"0":{"name":"(anonymous_0)","decl":{"start":{"line":14,"column":2},"end":{"line":14,"column":3}},"loc":{"start":{"line":14,"column":22},"end":{"line":16,"column":3}},"line":14},"1":{"name":"(anonymous_1)","decl":{"start":{"line":18,"column":20},"end":{"line":18,"column":21}},"loc":{"start":{"line":18,"column":26},"end":{"line":28,"column":3}},"line":18},"2":{"name":"(anonymous_2)","decl":{"start":{"line":30,"column":2},"end":{"line":30,"column":3}},"loc":{"start":{"line":30,"column":11},"end":{"line":66,"column":3}},"line":30},"3":{"name":"(anonymous_3)","decl":{"start":{"line":52,"column":24},"end":{"line":52,"column":25}},"loc":{"start":{"line":53,"column":14},"end":{"line":58,"column":16}},"line":53},"4":{"name":"(anonymous_4)","decl":{"start":{"line":57,"column":25},"end":{"line":57,"column":26}},"loc":{"start":{"line":57,"column":31},"end":{"line":57,"column":57}},"line":57},"5":{"name":"(anonymous_5)","decl":{"start":{"line":60,"column":26},"end":{"line":60,"column":27}},"loc":{"start":{"line":60,"column":36},"end":{"line":60,"column":48}},"line":60},"6":{"name":"(anonymous_6)","decl":{"start":{"line":69,"column":17},"end":{"line":69,"column":18}},"loc":{"start":{"line":69,"column":26},"end":{"line":73,"column":1}},"line":69},"7":{"name":"(anonymous_7)","decl":{"start":{"line":75,"column":20},"end":{"line":75,"column":21}},"loc":{"start":{"line":75,"column":32},"end":{"line":81,"column":1}},"line":75}},"branchMap":{},"s":{"0":1,"1":0,"2":1,"3":1,"4":0,"5":0,"6":0,"7":1,"8":0,"9":1,"10":0,"11":0},"f":{"0":1,"1":0,"2":1,"3":0,"4":0,"5":0,"6":0,"7":0},"b":{},"_coverageSchema":"332fd63041d2c1bcb487cc26dd0d5f7d97098a6c","hash":"3d3cbc225d03686f20a7044de8b239e30f62c9ba"}
,"/Users/ellenormerod/Documents/Fullstack-Fellow/QLRN/QuietLocations/js/components/places.js": {"path":"/Users/ellenormerod/Documents/Fullstack-Fellow/QLRN/QuietLocations/js/components/places.js","statementMap":{"0":{"start":{"line":14,"column":4},"end":{"line":14,"column":32}},"1":{"start":{"line":18,"column":4},"end":{"line":26,"column":5}},"2":{"start":{"line":30,"column":4},"end":{"line":30,"column":67}},"3":{"start":{"line":35,"column":23},"end":{"line":35,"column":33}},"4":{"start":{"line":36,"column":4},"end":{"line":53,"column":5}},"5":{"start":{"line":41,"column":12},"end":{"line":46,"column":14}},"6":{"start":{"line":45,"column":29},"end":{"line":45,"column":50}},"7":{"start":{"line":48,"column":32},"end":{"line":48,"column":41}},"8":{"start":{"line":57,"column":17},"end":{"line":61,"column":1}},"9":{"start":{"line":58,"column":2},"end":{"line":60,"column":3}},"10":{"start":{"line":63,"column":20},"end":{"line":69,"column":1}},"11":{"start":{"line":64,"column":2},"end":{"line":68,"column":3}},"12":{"start":{"line":66,"column":6},"end":{"line":66,"column":29}}},"fnMap":{"0":{"name":"(anonymous_0)","decl":{"start":{"line":13,"column":2},"end":{"line":13,"column":3}},"loc":{"start":{"line":13,"column":22},"end":{"line":15,"column":3}},"line":13},"1":{"name":"(anonymous_1)","decl":{"start":{"line":17,"column":20},"end":{"line":17,"column":21}},"loc":{"start":{"line":17,"column":26},"end":{"line":27,"column":3}},"line":17},"2":{"name":"(anonymous_2)","decl":{"start":{"line":29,"column":17},"end":{"line":29,"column":18}},"loc":{"start":{"line":29,"column":23},"end":{"line":31,"column":3}},"line":29},"3":{"name":"(anonymous_3)","decl":{"start":{"line":34,"column":2},"end":{"line":34,"column":3}},"loc":{"start":{"line":34,"column":11},"end":{"line":54,"column":3}},"line":34},"4":{"name":"(anonymous_4)","decl":{"start":{"line":40,"column":22},"end":{"line":40,"column":23}},"loc":{"start":{"line":41,"column":12},"end":{"line":46,"column":14}},"line":41},"5":{"name":"(anonymous_5)","decl":{"start":{"line":45,"column":23},"end":{"line":45,"column":24}},"loc":{"start":{"line":45,"column":29},"end":{"line":45,"column":50}},"line":45},"6":{"name":"(anonymous_6)","decl":{"start":{"line":48,"column":24},"end":{"line":48,"column":25}},"loc":{"start":{"line":48,"column":32},"end":{"line":48,"column":41}},"line":48},"7":{"name":"(anonymous_7)","decl":{"start":{"line":57,"column":17},"end":{"line":57,"column":18}},"loc":{"start":{"line":57,"column":26},"end":{"line":61,"column":1}},"line":57},"8":{"name":"(anonymous_8)","decl":{"start":{"line":63,"column":20},"end":{"line":63,"column":21}},"loc":{"start":{"line":63,"column":32},"end":{"line":69,"column":1}},"line":63}},"branchMap":{},"s":{"0":1,"1":0,"2":1,"3":1,"4":1,"5":0,"6":0,"7":0,"8":1,"9":0,"10":1,"11":0,"12":0},"f":{"0":1,"1":0,"2":1,"3":1,"4":0,"5":0,"6":0,"7":0,"8":0},"b":{},"_coverageSchema":"332fd63041d2c1bcb487cc26dd0d5f7d97098a6c","hash":"39b8928e04c260994ea9a66b34c7e9910e15a903"}
,"/Users/ellenormerod/Documents/Fullstack-Fellow/QLRN/QuietLocations/js/components/review.js": {"path":"/Users/ellenormerod/Documents/Fullstack-Fellow/QLRN/QuietLocations/js/components/review.js","statementMap":{"0":{"start":{"line":8,"column":15},"end":{"line":27,"column":1}},"1":{"start":{"line":9,"column":21},"end":{"line":9,"column":26}},"2":{"start":{"line":10,"column":2},"end":{"line":26,"column":3}}},"fnMap":{"0":{"name":"(anonymous_0)","decl":{"start":{"line":8,"column":15},"end":{"line":8,"column":16}},"loc":{"start":{"line":8,"column":26},"end":{"line":27,"column":1}},"line":8}},"branchMap":{},"s":{"0":1,"1":1,"2":1},"f":{"0":1},"b":{},"_coverageSchema":"332fd63041d2c1bcb487cc26dd0d5f7d97098a6c","hash":"183266b728dd475aefef75df25c95bf4d5fa227c"}
,"/Users/ellenormerod/Documents/Fullstack-Fellow/QLRN/QuietLocations/js/store/index.js": {"path":"/Users/ellenormerod/Documents/Fullstack-Fellow/QLRN/QuietLocations/js/store/index.js","statementMap":{"0":{"start":{"line":9,"column":19},"end":{"line":12,"column":2}},"1":{"start":{"line":13,"column":19},"end":{"line":16,"column":1}},"2":{"start":{"line":18,"column":14},"end":{"line":18,"column":49}}},"fnMap":{},"branchMap":{},"s":{"0":2,"1":2,"2":2},"f":{},"b":{},"_coverageSchema":"332fd63041d2c1bcb487cc26dd0d5f7d97098a6c","hash":"6d9511cf105ce84820145ec85e368bd3938c431e"}
,"/Users/ellenormerod/Documents/Fullstack-Fellow/QLRN/QuietLocations/js/store/places.js": {"path":"/Users/ellenormerod/Documents/Fullstack-Fellow/QLRN/QuietLocations/js/store/places.js","statementMap":{"0":{"start":{"line":4,"column":19},"end":{"line":4,"column":31}},"1":{"start":{"line":7,"column":18},"end":{"line":7,"column":56}},"2":{"start":{"line":7,"column":29},"end":{"line":7,"column":55}},"3":{"start":{"line":10,"column":27},"end":{"line":16,"column":1}},"4":{"start":{"line":10,"column":33},"end":{"line":16,"column":1}},"5":{"start":{"line":11,"column":2},"end":{"line":14,"column":35}},"6":{"start":{"line":13,"column":4},"end":{"line":13,"column":40}},"7":{"start":{"line":14,"column":16},"end":{"line":14,"column":34}},"8":{"start":{"line":20,"column":2},"end":{"line":25,"column":3}},"9":{"start":{"line":22,"column":6},"end":{"line":22,"column":26}},"10":{"start":{"line":24,"column":6},"end":{"line":24,"column":19}}},"fnMap":{"0":{"name":"(anonymous_0)","decl":{"start":{"line":7,"column":18},"end":{"line":7,"column":19}},"loc":{"start":{"line":7,"column":29},"end":{"line":7,"column":55}},"line":7},"1":{"name":"(anonymous_1)","decl":{"start":{"line":10,"column":27},"end":{"line":10,"column":28}},"loc":{"start":{"line":10,"column":33},"end":{"line":16,"column":1}},"line":10},"2":{"name":"(anonymous_2)","decl":{"start":{"line":10,"column":33},"end":{"line":10,"column":34}},"loc":{"start":{"line":10,"column":45},"end":{"line":16,"column":1}},"line":10},"3":{"name":"(anonymous_3)","decl":{"start":{"line":12,"column":8},"end":{"line":12,"column":9}},"loc":{"start":{"line":12,"column":15},"end":{"line":13,"column":41}},"line":12},"4":{"name":"(anonymous_4)","decl":{"start":{"line":14,"column":9},"end":{"line":14,"column":10}},"loc":{"start":{"line":14,"column":16},"end":{"line":14,"column":34}},"line":14},"5":{"name":"(anonymous_5)","decl":{"start":{"line":19,"column":15},"end":{"line":19,"column":16}},"loc":{"start":{"line":19,"column":44},"end":{"line":26,"column":1}},"line":19}},"branchMap":{"0":{"loc":{"start":{"line":19,"column":24},"end":{"line":19,"column":35}},"type":"default-arg","locations":[{"start":{"line":19,"column":33},"end":{"line":19,"column":35}}],"line":19},"1":{"loc":{"start":{"line":20,"column":2},"end":{"line":25,"column":3}},"type":"switch","locations":[{"start":{"line":21,"column":4},"end":{"line":22,"column":26}},{"start":{"line":23,"column":4},"end":{"line":24,"column":19}}],"line":20}},"s":{"0":2,"1":2,"2":0,"3":2,"4":0,"5":0,"6":0,"7":0,"8":6,"9":0,"10":6},"f":{"0":0,"1":0,"2":0,"3":0,"4":0,"5":6},"b":{"0":[6],"1":[0,6]},"_coverageSchema":"332fd63041d2c1bcb487cc26dd0d5f7d97098a6c","hash":"7a7beba4d121e4ed1438d7e0ee9fc02d6546546a"}
,"/Users/ellenormerod/Documents/Fullstack-Fellow/QLRN/QuietLocations/js/store/reviews.js": {"path":"/Users/ellenormerod/Documents/Fullstack-Fellow/QLRN/QuietLocations/js/store/reviews.js","statementMap":{"0":{"start":{"line":4,"column":20},"end":{"line":4,"column":34}},"1":{"start":{"line":7,"column":19},"end":{"line":7,"column":60}},"2":{"start":{"line":7,"column":31},"end":{"line":7,"column":59}},"3":{"start":{"line":10,"column":28},"end":{"line":16,"column":1}},"4":{"start":{"line":10,"column":34},"end":{"line":16,"column":1}},"5":{"start":{"line":11,"column":2},"end":{"line":14,"column":35}},"6":{"start":{"line":13,"column":4},"end":{"line":13,"column":41}},"7":{"start":{"line":14,"column":16},"end":{"line":14,"column":34}},"8":{"start":{"line":20,"column":2},"end":{"line":25,"column":3}},"9":{"start":{"line":22,"column":6},"end":{"line":22,"column":27}},"10":{"start":{"line":24,"column":6},"end":{"line":24,"column":20}}},"fnMap":{"0":{"name":"(anonymous_0)","decl":{"start":{"line":7,"column":19},"end":{"line":7,"column":20}},"loc":{"start":{"line":7,"column":31},"end":{"line":7,"column":59}},"line":7},"1":{"name":"(anonymous_1)","decl":{"start":{"line":10,"column":28},"end":{"line":10,"column":29}},"loc":{"start":{"line":10,"column":34},"end":{"line":16,"column":1}},"line":10},"2":{"name":"(anonymous_2)","decl":{"start":{"line":10,"column":34},"end":{"line":10,"column":35}},"loc":{"start":{"line":10,"column":46},"end":{"line":16,"column":1}},"line":10},"3":{"name":"(anonymous_3)","decl":{"start":{"line":12,"column":8},"end":{"line":12,"column":9}},"loc":{"start":{"line":12,"column":15},"end":{"line":13,"column":42}},"line":12},"4":{"name":"(anonymous_4)","decl":{"start":{"line":14,"column":9},"end":{"line":14,"column":10}},"loc":{"start":{"line":14,"column":16},"end":{"line":14,"column":34}},"line":14},"5":{"name":"(anonymous_5)","decl":{"start":{"line":19,"column":15},"end":{"line":19,"column":16}},"loc":{"start":{"line":19,"column":45},"end":{"line":26,"column":1}},"line":19}},"branchMap":{"0":{"loc":{"start":{"line":19,"column":24},"end":{"line":19,"column":36}},"type":"default-arg","locations":[{"start":{"line":19,"column":34},"end":{"line":19,"column":36}}],"line":19},"1":{"loc":{"start":{"line":20,"column":2},"end":{"line":25,"column":3}},"type":"switch","locations":[{"start":{"line":21,"column":4},"end":{"line":22,"column":27}},{"start":{"line":23,"column":4},"end":{"line":24,"column":20}}],"line":20}},"s":{"0":2,"1":2,"2":0,"3":2,"4":0,"5":0,"6":0,"7":0,"8":6,"9":0,"10":6},"f":{"0":0,"1":0,"2":0,"3":0,"4":0,"5":6},"b":{"0":[6],"1":[0,6]},"_coverageSchema":"332fd63041d2c1bcb487cc26dd0d5f7d97098a6c","hash":"38c35b514e9b7832c247ec3b9558f8093d56a602"}
}
