TN:
SF:/Users/ellenormerod/Documents/QuietLocations/QuietLocations/js/Chicago-Skyline.jpg
FNF:0
FNH:0
DA:1,1
LF:1
LH:1
BRF:0
BRH:0
end_of_record
TN:
SF:/Users/ellenormerod/Documents/QuietLocations/QuietLocations/js/components/home.js
FN:18,(anonymous_0)
FNF:1
FNH:1
FNDA:1,(anonymous_0)
DA:9,1
DA:18,1
DA:19,1
LF:3
LH:3
BRF:0
BRH:0
end_of_record
TN:
SF:/Users/ellenormerod/Documents/QuietLocations/QuietLocations/js/components/place.js
FN:14,(anonymous_0)
FN:18,(anonymous_1)
FN:30,(anonymous_2)
FN:52,(anonymous_3)
FN:57,(anonymous_4)
FN:60,(anonymous_5)
FN:69,(anonymous_6)
FN:75,(anonymous_7)
FNF:8
FNH:2
FNDA:1,(anonymous_0)
FNDA:0,(anonymous_1)
FNDA:1,(anonymous_2)
FNDA:0,(anonymous_3)
FNDA:0,(anonymous_4)
FNDA:0,(anonymous_5)
FNDA:0,(anonymous_6)
FNDA:0,(anonymous_7)
DA:15,1
DA:19,0
DA:31,1
DA:32,1
DA:53,0
DA:57,0
DA:60,0
DA:69,1
DA:70,0
DA:75,1
DA:76,0
DA:78,0
LF:12
LH:5
BRF:0
BRH:0
end_of_record
TN:
SF:/Users/ellenormerod/Documents/QuietLocations/QuietLocations/js/components/places.js
FN:13,(anonymous_0)
FN:17,(anonymous_1)
FN:29,(anonymous_2)
FN:34,(anonymous_3)
FN:40,(anonymous_4)
FN:45,(anonymous_5)
FN:48,(anonymous_6)
FN:57,(anonymous_7)
FN:63,(anonymous_8)
FNF:9
FNH:3
FNDA:1,(anonymous_0)
FNDA:0,(anonymous_1)
FNDA:1,(anonymous_2)
FNDA:1,(anonymous_3)
FNDA:0,(anonymous_4)
FNDA:0,(anonymous_5)
FNDA:0,(anonymous_6)
FNDA:0,(anonymous_7)
FNDA:0,(anonymous_8)
DA:14,1
DA:18,0
DA:30,1
DA:35,1
DA:36,1
DA:41,0
DA:45,0
DA:48,0
DA:57,1
DA:58,0
DA:63,1
DA:64,0
DA:66,0
LF:13
LH:6
BRF:0
BRH:0
end_of_record
TN:
SF:/Users/ellenormerod/Documents/QuietLocations/QuietLocations/js/components/review.js
FN:8,(anonymous_0)
FNF:1
FNH:1
FNDA:1,(anonymous_0)
DA:8,1
DA:9,1
DA:10,1
LF:3
LH:3
BRF:0
BRH:0
end_of_record
TN:
SF:/Users/ellenormerod/Documents/QuietLocations/QuietLocations/js/store/index.js
FNF:0
FNH:0
DA:9,2
DA:13,2
DA:18,2
LF:3
LH:3
BRF:0
BRH:0
end_of_record
TN:
SF:/Users/ellenormerod/Documents/QuietLocations/QuietLocations/js/store/places.js
FN:7,(anonymous_0)
FN:10,(anonymous_1)
FN:10,(anonymous_2)
FN:12,(anonymous_3)
FN:14,(anonymous_4)
FN:19,(anonymous_5)
FNF:6
FNH:5
FNDA:1,(anonymous_0)
FNDA:1,(anonymous_1)
FNDA:1,(anonymous_2)
FNDA:1,(anonymous_3)
FNDA:0,(anonymous_4)
FNDA:6,(anonymous_5)
DA:4,3
DA:7,3
DA:10,3
DA:11,1
DA:13,1
DA:14,0
DA:20,6
DA:22,0
DA:24,6
LF:9
LH:7
BRDA:19,0,0,6
BRDA:20,1,0,0
BRDA:20,1,1,6
BRF:3
BRH:2
end_of_record
TN:
SF:/Users/ellenormerod/Documents/QuietLocations/QuietLocations/js/store/reviews.js
FN:7,(anonymous_0)
FN:10,(anonymous_1)
FN:10,(anonymous_2)
FN:12,(anonymous_3)
FN:14,(anonymous_4)
FN:19,(anonymous_5)
FNF:6
FNH:5
FNDA:1,(anonymous_0)
FNDA:1,(anonymous_1)
FNDA:1,(anonymous_2)
FNDA:1,(anonymous_3)
FNDA:0,(anonymous_4)
FNDA:6,(anonymous_5)
DA:4,3
DA:7,3
DA:10,3
DA:11,1
DA:13,1
DA:14,0
DA:20,6
DA:22,0
DA:24,6
LF:9
LH:7
BRDA:19,0,0,6
BRDA:20,1,0,0
BRDA:20,1,1,6
BRF:3
BRH:2
end_of_record
