TN:
SF:/Users/ellenormerod/Documents/Fullstack-Fellow/QLRN/QuietLocations/js/Chicago-Skyline.jpg
FNF:0
FNH:0
DA:1,1
LF:1
LH:1
BRF:0
BRH:0
end_of_record
TN:
SF:/Users/ellenormerod/Documents/Fullstack-Fellow/QLRN/QuietLocations/js/components/home.js
FN:18,(anonymous_0)
FNF:1
FNH:1
FNDA:1,(anonymous_0)
DA:9,1
DA:18,1
DA:19,1
LF:3
LH:3
BRF:0
BRH:0
end_of_record
TN:
SF:/Users/ellenormerod/Documents/Fullstack-Fellow/QLRN/QuietLocations/js/components/place.js
FN:14,(anonymous_0)
FN:18,(anonymous_1)
FN:30,(anonymous_2)
FN:52,(anonymous_3)
FN:57,(anonymous_4)
FN:60,(anonymous_5)
FN:69,(anonymous_6)
FN:75,(anonymous_7)
FNF:8
FNH:2
FNDA:1,(anonymous_0)
FNDA:0,(anonymous_1)
FNDA:1,(anonymous_2)
FNDA:0,(anonymous_3)
FNDA:0,(anonymous_4)
FNDA:0,(anonymous_5)
FNDA:0,(anonymous_6)
FNDA:0,(anonymous_7)
DA:15,1
DA:19,0
DA:31,1
DA:32,1
DA:53,0
DA:57,0
DA:60,0
DA:69,1
DA:70,0
DA:75,1
DA:76,0
DA:78,0
LF:12
LH:5
BRF:0
BRH:0
end_of_record
TN:
SF:/Users/ellenormerod/Documents/Fullstack-Fellow/QLRN/QuietLocations/js/components/review.js
FN:8,(anonymous_0)
FNF:1
FNH:1
FNDA:1,(anonymous_0)
DA:8,1
DA:9,1
DA:10,1
LF:3
LH:3
BRF:0
BRH:0
end_of_record
TN:
SF:/Users/ellenormerod/Documents/Fullstack-Fellow/QLRN/QuietLocations/js/store/index.js
FNF:0
FNH:0
DA:9,1
DA:13,1
DA:18,1
LF:3
LH:3
BRF:0
BRH:0
end_of_record
TN:
SF:/Users/ellenormerod/Documents/Fullstack-Fellow/QLRN/QuietLocations/js/store/places.js
FN:7,(anonymous_0)
FN:10,(anonymous_1)
FN:10,(anonymous_2)
FN:12,(anonymous_3)
FN:14,(anonymous_4)
FN:19,(anonymous_5)
FNF:6
FNH:1
FNDA:0,(anonymous_0)
FNDA:0,(anonymous_1)
FNDA:0,(anonymous_2)
FNDA:0,(anonymous_3)
FNDA:0,(anonymous_4)
FNDA:3,(anonymous_5)
DA:4,1
DA:7,1
DA:10,1
DA:11,0
DA:13,0
DA:14,0
DA:20,3
DA:22,0
DA:24,3
LF:9
LH:5
BRDA:19,0,0,3
BRDA:20,1,0,0
BRDA:20,1,1,3
BRF:3
BRH:2
end_of_record
TN:
SF:/Users/ellenormerod/Documents/Fullstack-Fellow/QLRN/QuietLocations/js/store/reviews.js
FN:7,(anonymous_0)
FN:10,(anonymous_1)
FN:10,(anonymous_2)
FN:12,(anonymous_3)
FN:14,(anonymous_4)
FN:19,(anonymous_5)
FNF:6
FNH:1
FNDA:0,(anonymous_0)
FNDA:0,(anonymous_1)
FNDA:0,(anonymous_2)
FNDA:0,(anonymous_3)
FNDA:0,(anonymous_4)
FNDA:3,(anonymous_5)
DA:4,1
DA:7,1
DA:10,1
DA:11,0
DA:13,0
DA:14,0
DA:20,3
DA:22,0
DA:24,3
LF:9
LH:5
BRDA:19,0,0,3
BRDA:20,1,0,0
BRDA:20,1,1,3
BRF:3
BRH:2
end_of_record
